<?xml version="1.0" encoding="UTF-8"?>
<!-- Generated by org.testng.reporters.JUnitReportReporter -->
<testsuite hostname="DESKTOP-T70C43U" failures="0" tests="1" name="cucumber1.TestNGTestRunner" time="5.764" errors="0" timestamp="2025-01-03T16:56:21 IST" skipped="0">
  <testcase classname="cucumber1.TestNGTestRunner" name="runScenario" time="5.764"/>
</testsuite> <!-- cucumber1.TestNGTestRunner -->
